============================================================
  Generated by:           Encounter(R) RTL Compiler RC14.11 - v14.10-s012_1
  Generated on:           Dec 25 2018  12:10:06 pm
  Module:                 Stacking_Top_Module
  Technology library:     tcbn65gplushpbwpwc_ecsm 140
  Operating conditions:   WCCOM 
  Interconnect mode:      global
  Area mode:              timing library
============================================================


Summary
-------
-----------------------------------------------------------------------
            Category            Number   %   Average Toggle Saving %   
-----------------------------------------------------------------------
 RC Clock Gating Instances         301  100            91.78           
 Non-RC Clock Gating Instances       0    0            0.00            
-----------------------------------------------------------------------
 RC Gated Flip-flops               926   95           100.00           
 Non-RC Gated Flip-flops             0    0            0.00            
-----------------------------------------------------------------------
 Total Ungated Flip-flops           44    5              -             
 Enable not found                   39   89              -             
 Register bank width too small       5   11              -             
-----------------------------------------------------------------------
 Total Flip-flops                  970  100              -             
-----------------------------------------------------------------------

