============================================================
  Generated by:           Encounter(R) RTL Compiler RC14.11 - v14.10-s012_1
  Generated on:           Dec 25 2018  12:10:06 pm
  Module:                 Stacking_Top_Module
  Technology library:     tcbn65gplushpbwpwc_ecsm 140
  Operating conditions:   WCCOM 
  Interconnect mode:      global
  Area mode:              timing library
============================================================

                     Instance                      Cells  Cell Area  Net Area  Total Area 
------------------------------------------------------------------------------------------
Stacking_Top_Module                                 2938      14556         0       14556 
  m3                                                 655       3560         0        3560 
    PREFIX_lp_clock_gating_RC_CG_HIER_INST306          1          8         0           8 
    PREFIX_lp_clock_gating_RC_CG_HIER_INST305          1          8         0           8 
    PREFIX_lp_clock_gating_RC_CG_HIER_INST304          1          8         0           8 
    PREFIX_lp_clock_gating_RC_CG_HIER_INST303          1          8         0           8 
    PREFIX_lp_clock_gating_RC_CG_HIER_INST302          1          8         0           8 
    PREFIX_lp_clock_gating_RC_CG_HIER_INST301          1          8         0           8 
    PREFIX_lp_clock_gating_RC_CG_HIER_INST300          1          8         0           8 
    PREFIX_lp_clock_gating_RC_CG_HIER_INST299          1          8         0           8 
    PREFIX_lp_clock_gating_RC_CG_HIER_INST298          1          8         0           8 
    PREFIX_lp_clock_gating_RC_CG_HIER_INST297          1          8         0           8 
    PREFIX_lp_clock_gating_RC_CG_HIER_INST296          1          8         0           8 
    PREFIX_lp_clock_gating_RC_CG_HIER_INST295          1          8         0           8 
    PREFIX_lp_clock_gating_RC_CG_HIER_INST294          1          8         0           8 
    PREFIX_lp_clock_gating_RC_CG_HIER_INST293          1          8         0           8 
    PREFIX_lp_clock_gating_RC_CG_HIER_INST292          1          8         0           8 
    PREFIX_lp_clock_gating_RC_CG_HIER_INST291          1          8         0           8 
    PREFIX_lp_clock_gating_RC_CG_HIER_INST290          1          8         0           8 
    PREFIX_lp_clock_gating_RC_CG_HIER_INST289          1          8         0           8 
    PREFIX_lp_clock_gating_RC_CG_HIER_INST288          1          8         0           8 
    PREFIX_lp_clock_gating_RC_CG_HIER_INST287          1          8         0           8 
    PREFIX_lp_clock_gating_RC_CG_HIER_INST286          1          8         0           8 
    PREFIX_lp_clock_gating_RC_CG_HIER_INST285          1          8         0           8 
    PREFIX_lp_clock_gating_RC_CG_HIER_INST284          1          8         0           8 
    PREFIX_lp_clock_gating_RC_CG_HIER_INST283          1          8         0           8 
    PREFIX_lp_clock_gating_RC_CG_HIER_INST282          1          8         0           8 
    PREFIX_lp_clock_gating_RC_CG_HIER_INST281          1          8         0           8 
    PREFIX_lp_clock_gating_RC_CG_HIER_INST280          1          8         0           8 
    PREFIX_lp_clock_gating_RC_CG_HIER_INST279          1          8         0           8 
    PREFIX_lp_clock_gating_RC_CG_HIER_INST278          1          8         0           8 
    PREFIX_lp_clock_gating_RC_CG_HIER_INST277          1          8         0           8 
    PREFIX_lp_clock_gating_RC_CG_HIER_INST276          1          8         0           8 
    PREFIX_lp_clock_gating_RC_CG_HIER_INST275          1          8         0           8 
    PREFIX_lp_clock_gating_RC_CG_HIER_INST274          1          8         0           8 
    PREFIX_lp_clock_gating_RC_CG_HIER_INST273          1          8         0           8 
    PREFIX_lp_clock_gating_RC_CG_HIER_INST272          1          8         0           8 
    PREFIX_lp_clock_gating_RC_CG_HIER_INST271          1          8         0           8 
    PREFIX_lp_clock_gating_RC_CG_HIER_INST270          1          8         0           8 
    PREFIX_lp_clock_gating_RC_CG_HIER_INST269          1          8         0           8 
    PREFIX_lp_clock_gating_RC_CG_HIER_INST268          1          8         0           8 
    PREFIX_lp_clock_gating_RC_CG_HIER_INST267          1          8         0           8 
    PREFIX_lp_clock_gating_RC_CG_HIER_INST266          1          8         0           8 
    PREFIX_lp_clock_gating_RC_CG_HIER_INST265          1          8         0           8 
    PREFIX_lp_clock_gating_RC_CG_HIER_INST264          1          8         0           8 
    PREFIX_lp_clock_gating_RC_CG_HIER_INST263          1          8         0           8 
    PREFIX_lp_clock_gating_RC_CG_HIER_INST262          1          8         0           8 
    PREFIX_lp_clock_gating_RC_CG_HIER_INST261          1          8         0           8 
    PREFIX_lp_clock_gating_RC_CG_HIER_INST260          1          8         0           8 
    PREFIX_lp_clock_gating_RC_CG_HIER_INST259          1          8         0           8 
    PREFIX_lp_clock_gating_RC_CG_HIER_INST258          1          8         0           8 
    PREFIX_lp_clock_gating_RC_CG_HIER_INST257          1          8         0           8 
    PREFIX_lp_clock_gating_RC_CG_HIER_INST256          1          8         0           8 
    PREFIX_lp_clock_gating_RC_CG_HIER_INST255          1          8         0           8 
    PREFIX_lp_clock_gating_RC_CG_HIER_INST254          1          8         0           8 
    PREFIX_lp_clock_gating_RC_CG_HIER_INST253          1          8         0           8 
    PREFIX_lp_clock_gating_RC_CG_HIER_INST252          1          8         0           8 
    PREFIX_lp_clock_gating_RC_CG_HIER_INST251          1          8         0           8 
    PREFIX_lp_clock_gating_RC_CG_HIER_INST250          1          8         0           8 
    PREFIX_lp_clock_gating_RC_CG_HIER_INST249          1          8         0           8 
    PREFIX_lp_clock_gating_RC_CG_HIER_INST248          1          8         0           8 
    PREFIX_lp_clock_gating_RC_CG_HIER_INST247          1          8         0           8 
    PREFIX_lp_clock_gating_RC_CG_HIER_INST246          1          8         0           8 
    PREFIX_lp_clock_gating_RC_CG_HIER_INST245          1          8         0           8 
    PREFIX_lp_clock_gating_RC_CG_HIER_INST244          1          8         0           8 
    PREFIX_lp_clock_gating_RC_CG_HIER_INST243          1          8         0           8 
    PREFIX_lp_clock_gating_RC_CG_HIER_INST242          1          8         0           8 
    PREFIX_lp_clock_gating_RC_CG_HIER_INST241          1          8         0           8 
    PREFIX_lp_clock_gating_RC_CG_HIER_INST240          1          8         0           8 
    PREFIX_lp_clock_gating_RC_CG_HIER_INST239          1          8         0           8 
    PREFIX_lp_clock_gating_RC_CG_HIER_INST238          1          8         0           8 
    PREFIX_lp_clock_gating_RC_CG_HIER_INST237          1          8         0           8 
    PREFIX_lp_clock_gating_RC_CG_HIER_INST236          1          8         0           8 
    PREFIX_lp_clock_gating_RC_CG_HIER_INST235          1          8         0           8 
    PREFIX_lp_clock_gating_RC_CG_HIER_INST234          1          8         0           8 
    PREFIX_lp_clock_gating_RC_CG_HIER_INST233          1          8         0           8 
    PREFIX_lp_clock_gating_RC_CG_HIER_INST232          1          8         0           8 
    PREFIX_lp_clock_gating_RC_CG_HIER_INST231          1          8         0           8 
    PREFIX_lp_clock_gating_RC_CG_HIER_INST230          1          8         0           8 
    PREFIX_lp_clock_gating_RC_CG_HIER_INST229          1          8         0           8 
    PREFIX_lp_clock_gating_RC_CG_HIER_INST228          1          8         0           8 
    PREFIX_lp_clock_gating_RC_CG_HIER_INST227          1          8         0           8 
    PREFIX_lp_clock_gating_RC_CG_HIER_INST226          1          8         0           8 
    PREFIX_lp_clock_gating_RC_CG_HIER_INST225          1          8         0           8 
    PREFIX_lp_clock_gating_RC_CG_HIER_INST224          1          8         0           8 
    PREFIX_lp_clock_gating_RC_CG_HIER_INST223          1          8         0           8 
    PREFIX_lp_clock_gating_RC_CG_HIER_INST222          1          8         0           8 
    PREFIX_lp_clock_gating_RC_CG_HIER_INST221          1          8         0           8 
    PREFIX_lp_clock_gating_RC_CG_HIER_INST220          1          8         0           8 
    PREFIX_lp_clock_gating_RC_CG_HIER_INST219          1          8         0           8 
    PREFIX_lp_clock_gating_RC_CG_HIER_INST218          1          8         0           8 
    PREFIX_lp_clock_gating_RC_CG_HIER_INST217          1          8         0           8 
  m2                                                 655       3560         0        3560 
    PREFIX_lp_clock_gating_RC_CG_HIER_INST216          1          8         0           8 
    PREFIX_lp_clock_gating_RC_CG_HIER_INST215          1          8         0           8 
    PREFIX_lp_clock_gating_RC_CG_HIER_INST214          1          8         0           8 
    PREFIX_lp_clock_gating_RC_CG_HIER_INST213          1          8         0           8 
    PREFIX_lp_clock_gating_RC_CG_HIER_INST212          1          8         0           8 
    PREFIX_lp_clock_gating_RC_CG_HIER_INST211          1          8         0           8 
    PREFIX_lp_clock_gating_RC_CG_HIER_INST210          1          8         0           8 
    PREFIX_lp_clock_gating_RC_CG_HIER_INST209          1          8         0           8 
    PREFIX_lp_clock_gating_RC_CG_HIER_INST208          1          8         0           8 
    PREFIX_lp_clock_gating_RC_CG_HIER_INST207          1          8         0           8 
    PREFIX_lp_clock_gating_RC_CG_HIER_INST206          1          8         0           8 
    PREFIX_lp_clock_gating_RC_CG_HIER_INST205          1          8         0           8 
    PREFIX_lp_clock_gating_RC_CG_HIER_INST204          1          8         0           8 
    PREFIX_lp_clock_gating_RC_CG_HIER_INST203          1          8         0           8 
    PREFIX_lp_clock_gating_RC_CG_HIER_INST202          1          8         0           8 
    PREFIX_lp_clock_gating_RC_CG_HIER_INST201          1          8         0           8 
    PREFIX_lp_clock_gating_RC_CG_HIER_INST200          1          8         0           8 
    PREFIX_lp_clock_gating_RC_CG_HIER_INST199          1          8         0           8 
    PREFIX_lp_clock_gating_RC_CG_HIER_INST198          1          8         0           8 
    PREFIX_lp_clock_gating_RC_CG_HIER_INST197          1          8         0           8 
    PREFIX_lp_clock_gating_RC_CG_HIER_INST196          1          8         0           8 
    PREFIX_lp_clock_gating_RC_CG_HIER_INST195          1          8         0           8 
    PREFIX_lp_clock_gating_RC_CG_HIER_INST194          1          8         0           8 
    PREFIX_lp_clock_gating_RC_CG_HIER_INST193          1          8         0           8 
    PREFIX_lp_clock_gating_RC_CG_HIER_INST192          1          8         0           8 
    PREFIX_lp_clock_gating_RC_CG_HIER_INST191          1          8         0           8 
    PREFIX_lp_clock_gating_RC_CG_HIER_INST190          1          8         0           8 
    PREFIX_lp_clock_gating_RC_CG_HIER_INST189          1          8         0           8 
    PREFIX_lp_clock_gating_RC_CG_HIER_INST188          1          8         0           8 
    PREFIX_lp_clock_gating_RC_CG_HIER_INST187          1          8         0           8 
    PREFIX_lp_clock_gating_RC_CG_HIER_INST186          1          8         0           8 
    PREFIX_lp_clock_gating_RC_CG_HIER_INST185          1          8         0           8 
    PREFIX_lp_clock_gating_RC_CG_HIER_INST184          1          8         0           8 
    PREFIX_lp_clock_gating_RC_CG_HIER_INST183          1          8         0           8 
    PREFIX_lp_clock_gating_RC_CG_HIER_INST182          1          8         0           8 
    PREFIX_lp_clock_gating_RC_CG_HIER_INST181          1          8         0           8 
    PREFIX_lp_clock_gating_RC_CG_HIER_INST180          1          8         0           8 
    PREFIX_lp_clock_gating_RC_CG_HIER_INST179          1          8         0           8 
    PREFIX_lp_clock_gating_RC_CG_HIER_INST178          1          8         0           8 
    PREFIX_lp_clock_gating_RC_CG_HIER_INST177          1          8         0           8 
    PREFIX_lp_clock_gating_RC_CG_HIER_INST176          1          8         0           8 
    PREFIX_lp_clock_gating_RC_CG_HIER_INST175          1          8         0           8 
    PREFIX_lp_clock_gating_RC_CG_HIER_INST174          1          8         0           8 
    PREFIX_lp_clock_gating_RC_CG_HIER_INST173          1          8         0           8 
    PREFIX_lp_clock_gating_RC_CG_HIER_INST172          1          8         0           8 
    PREFIX_lp_clock_gating_RC_CG_HIER_INST171          1          8         0           8 
    PREFIX_lp_clock_gating_RC_CG_HIER_INST170          1          8         0           8 
    PREFIX_lp_clock_gating_RC_CG_HIER_INST169          1          8         0           8 
    PREFIX_lp_clock_gating_RC_CG_HIER_INST168          1          8         0           8 
    PREFIX_lp_clock_gating_RC_CG_HIER_INST167          1          8         0           8 
    PREFIX_lp_clock_gating_RC_CG_HIER_INST166          1          8         0           8 
    PREFIX_lp_clock_gating_RC_CG_HIER_INST165          1          8         0           8 
    PREFIX_lp_clock_gating_RC_CG_HIER_INST164          1          8         0           8 
    PREFIX_lp_clock_gating_RC_CG_HIER_INST163          1          8         0           8 
    PREFIX_lp_clock_gating_RC_CG_HIER_INST162          1          8         0           8 
    PREFIX_lp_clock_gating_RC_CG_HIER_INST161          1          8         0           8 
    PREFIX_lp_clock_gating_RC_CG_HIER_INST160          1          8         0           8 
    PREFIX_lp_clock_gating_RC_CG_HIER_INST159          1          8         0           8 
    PREFIX_lp_clock_gating_RC_CG_HIER_INST158          1          8         0           8 
    PREFIX_lp_clock_gating_RC_CG_HIER_INST157          1          8         0           8 
    PREFIX_lp_clock_gating_RC_CG_HIER_INST156          1          8         0           8 
    PREFIX_lp_clock_gating_RC_CG_HIER_INST155          1          8         0           8 
    PREFIX_lp_clock_gating_RC_CG_HIER_INST154          1          8         0           8 
    PREFIX_lp_clock_gating_RC_CG_HIER_INST153          1          8         0           8 
    PREFIX_lp_clock_gating_RC_CG_HIER_INST152          1          8         0           8 
    PREFIX_lp_clock_gating_RC_CG_HIER_INST151          1          8         0           8 
    PREFIX_lp_clock_gating_RC_CG_HIER_INST150          1          8         0           8 
    PREFIX_lp_clock_gating_RC_CG_HIER_INST149          1          8         0           8 
    PREFIX_lp_clock_gating_RC_CG_HIER_INST148          1          8         0           8 
    PREFIX_lp_clock_gating_RC_CG_HIER_INST147          1          8         0           8 
    PREFIX_lp_clock_gating_RC_CG_HIER_INST146          1          8         0           8 
    PREFIX_lp_clock_gating_RC_CG_HIER_INST145          1          8         0           8 
    PREFIX_lp_clock_gating_RC_CG_HIER_INST144          1          8         0           8 
    PREFIX_lp_clock_gating_RC_CG_HIER_INST143          1          8         0           8 
    PREFIX_lp_clock_gating_RC_CG_HIER_INST142          1          8         0           8 
    PREFIX_lp_clock_gating_RC_CG_HIER_INST141          1          8         0           8 
    PREFIX_lp_clock_gating_RC_CG_HIER_INST140          1          8         0           8 
    PREFIX_lp_clock_gating_RC_CG_HIER_INST139          1          8         0           8 
    PREFIX_lp_clock_gating_RC_CG_HIER_INST138          1          8         0           8 
    PREFIX_lp_clock_gating_RC_CG_HIER_INST137          1          8         0           8 
    PREFIX_lp_clock_gating_RC_CG_HIER_INST136          1          8         0           8 
    PREFIX_lp_clock_gating_RC_CG_HIER_INST135          1          8         0           8 
    PREFIX_lp_clock_gating_RC_CG_HIER_INST134          1          8         0           8 
    PREFIX_lp_clock_gating_RC_CG_HIER_INST133          1          8         0           8 
    PREFIX_lp_clock_gating_RC_CG_HIER_INST132          1          8         0           8 
    PREFIX_lp_clock_gating_RC_CG_HIER_INST131          1          8         0           8 
    PREFIX_lp_clock_gating_RC_CG_HIER_INST130          1          8         0           8 
    PREFIX_lp_clock_gating_RC_CG_HIER_INST129          1          8         0           8 
    PREFIX_lp_clock_gating_RC_CG_HIER_INST128          1          8         0           8 
    PREFIX_lp_clock_gating_RC_CG_HIER_INST127          1          8         0           8 
  m1                                                 655       3560         0        3560 
    PREFIX_lp_clock_gating_RC_CG_HIER_INST99           1          8         0           8 
    PREFIX_lp_clock_gating_RC_CG_HIER_INST98           1          8         0           8 
    PREFIX_lp_clock_gating_RC_CG_HIER_INST97           1          8         0           8 
    PREFIX_lp_clock_gating_RC_CG_HIER_INST96           1          8         0           8 
    PREFIX_lp_clock_gating_RC_CG_HIER_INST95           1          8         0           8 
    PREFIX_lp_clock_gating_RC_CG_HIER_INST94           1          8         0           8 
    PREFIX_lp_clock_gating_RC_CG_HIER_INST93           1          8         0           8 
    PREFIX_lp_clock_gating_RC_CG_HIER_INST92           1          8         0           8 
    PREFIX_lp_clock_gating_RC_CG_HIER_INST91           1          8         0           8 
    PREFIX_lp_clock_gating_RC_CG_HIER_INST90           1          8         0           8 
    PREFIX_lp_clock_gating_RC_CG_HIER_INST89           1          8         0           8 
    PREFIX_lp_clock_gating_RC_CG_HIER_INST88           1          8         0           8 
    PREFIX_lp_clock_gating_RC_CG_HIER_INST87           1          8         0           8 
    PREFIX_lp_clock_gating_RC_CG_HIER_INST86           1          8         0           8 
    PREFIX_lp_clock_gating_RC_CG_HIER_INST85           1          8         0           8 
    PREFIX_lp_clock_gating_RC_CG_HIER_INST84           1          8         0           8 
    PREFIX_lp_clock_gating_RC_CG_HIER_INST83           1          8         0           8 
    PREFIX_lp_clock_gating_RC_CG_HIER_INST82           1          8         0           8 
    PREFIX_lp_clock_gating_RC_CG_HIER_INST81           1          8         0           8 
    PREFIX_lp_clock_gating_RC_CG_HIER_INST80           1          8         0           8 
    PREFIX_lp_clock_gating_RC_CG_HIER_INST79           1          8         0           8 
    PREFIX_lp_clock_gating_RC_CG_HIER_INST78           1          8         0           8 
    PREFIX_lp_clock_gating_RC_CG_HIER_INST77           1          8         0           8 
    PREFIX_lp_clock_gating_RC_CG_HIER_INST76           1          8         0           8 
    PREFIX_lp_clock_gating_RC_CG_HIER_INST75           1          8         0           8 
    PREFIX_lp_clock_gating_RC_CG_HIER_INST74           1          8         0           8 
    PREFIX_lp_clock_gating_RC_CG_HIER_INST73           1          8         0           8 
    PREFIX_lp_clock_gating_RC_CG_HIER_INST72           1          8         0           8 
    PREFIX_lp_clock_gating_RC_CG_HIER_INST71           1          8         0           8 
    PREFIX_lp_clock_gating_RC_CG_HIER_INST70           1          8         0           8 
    PREFIX_lp_clock_gating_RC_CG_HIER_INST69           1          8         0           8 
    PREFIX_lp_clock_gating_RC_CG_HIER_INST68           1          8         0           8 
    PREFIX_lp_clock_gating_RC_CG_HIER_INST67           1          8         0           8 
    PREFIX_lp_clock_gating_RC_CG_HIER_INST66           1          8         0           8 
    PREFIX_lp_clock_gating_RC_CG_HIER_INST65           1          8         0           8 
    PREFIX_lp_clock_gating_RC_CG_HIER_INST64           1          8         0           8 
    PREFIX_lp_clock_gating_RC_CG_HIER_INST63           1          8         0           8 
    PREFIX_lp_clock_gating_RC_CG_HIER_INST62           1          8         0           8 
    PREFIX_lp_clock_gating_RC_CG_HIER_INST61           1          8         0           8 
    PREFIX_lp_clock_gating_RC_CG_HIER_INST60           1          8         0           8 
    PREFIX_lp_clock_gating_RC_CG_HIER_INST59           1          8         0           8 
    PREFIX_lp_clock_gating_RC_CG_HIER_INST58           1          8         0           8 
    PREFIX_lp_clock_gating_RC_CG_HIER_INST57           1          8         0           8 
    PREFIX_lp_clock_gating_RC_CG_HIER_INST56           1          8         0           8 
    PREFIX_lp_clock_gating_RC_CG_HIER_INST55           1          8         0           8 
    PREFIX_lp_clock_gating_RC_CG_HIER_INST54           1          8         0           8 
    PREFIX_lp_clock_gating_RC_CG_HIER_INST53           1          8         0           8 
    PREFIX_lp_clock_gating_RC_CG_HIER_INST52           1          8         0           8 
    PREFIX_lp_clock_gating_RC_CG_HIER_INST51           1          8         0           8 
    PREFIX_lp_clock_gating_RC_CG_HIER_INST50           1          8         0           8 
    PREFIX_lp_clock_gating_RC_CG_HIER_INST49           1          8         0           8 
    PREFIX_lp_clock_gating_RC_CG_HIER_INST48           1          8         0           8 
    PREFIX_lp_clock_gating_RC_CG_HIER_INST47           1          8         0           8 
    PREFIX_lp_clock_gating_RC_CG_HIER_INST46           1          8         0           8 
    PREFIX_lp_clock_gating_RC_CG_HIER_INST45           1          8         0           8 
    PREFIX_lp_clock_gating_RC_CG_HIER_INST44           1          8         0           8 
    PREFIX_lp_clock_gating_RC_CG_HIER_INST43           1          8         0           8 
    PREFIX_lp_clock_gating_RC_CG_HIER_INST42           1          8         0           8 
    PREFIX_lp_clock_gating_RC_CG_HIER_INST41           1          8         0           8 
    PREFIX_lp_clock_gating_RC_CG_HIER_INST40           1          8         0           8 
    PREFIX_lp_clock_gating_RC_CG_HIER_INST39           1          8         0           8 
    PREFIX_lp_clock_gating_RC_CG_HIER_INST38           1          8         0           8 
    PREFIX_lp_clock_gating_RC_CG_HIER_INST37           1          8         0           8 
    PREFIX_lp_clock_gating_RC_CG_HIER_INST126          1          8         0           8 
    PREFIX_lp_clock_gating_RC_CG_HIER_INST125          1          8         0           8 
    PREFIX_lp_clock_gating_RC_CG_HIER_INST124          1          8         0           8 
    PREFIX_lp_clock_gating_RC_CG_HIER_INST123          1          8         0           8 
    PREFIX_lp_clock_gating_RC_CG_HIER_INST122          1          8         0           8 
    PREFIX_lp_clock_gating_RC_CG_HIER_INST121          1          8         0           8 
    PREFIX_lp_clock_gating_RC_CG_HIER_INST120          1          8         0           8 
    PREFIX_lp_clock_gating_RC_CG_HIER_INST119          1          8         0           8 
    PREFIX_lp_clock_gating_RC_CG_HIER_INST118          1          8         0           8 
    PREFIX_lp_clock_gating_RC_CG_HIER_INST117          1          8         0           8 
    PREFIX_lp_clock_gating_RC_CG_HIER_INST116          1          8         0           8 
    PREFIX_lp_clock_gating_RC_CG_HIER_INST115          1          8         0           8 
    PREFIX_lp_clock_gating_RC_CG_HIER_INST114          1          8         0           8 
    PREFIX_lp_clock_gating_RC_CG_HIER_INST113          1          8         0           8 
    PREFIX_lp_clock_gating_RC_CG_HIER_INST112          1          8         0           8 
    PREFIX_lp_clock_gating_RC_CG_HIER_INST111          1          8         0           8 
    PREFIX_lp_clock_gating_RC_CG_HIER_INST110          1          8         0           8 
    PREFIX_lp_clock_gating_RC_CG_HIER_INST109          1          8         0           8 
    PREFIX_lp_clock_gating_RC_CG_HIER_INST108          1          8         0           8 
    PREFIX_lp_clock_gating_RC_CG_HIER_INST107          1          8         0           8 
    PREFIX_lp_clock_gating_RC_CG_HIER_INST106          1          8         0           8 
    PREFIX_lp_clock_gating_RC_CG_HIER_INST105          1          8         0           8 
    PREFIX_lp_clock_gating_RC_CG_HIER_INST104          1          8         0           8 
    PREFIX_lp_clock_gating_RC_CG_HIER_INST103          1          8         0           8 
    PREFIX_lp_clock_gating_RC_CG_HIER_INST102          1          8         0           8 
    PREFIX_lp_clock_gating_RC_CG_HIER_INST101          1          8         0           8 
    PREFIX_lp_clock_gating_RC_CG_HIER_INST100          1          8         0           8 
  logistic_model                                     294       1482         0        1482 
    csa_tree_add_52_27_groupi                         34        206         0         206 
    mul_46_21                                         38        130         0         130 
    mul_45_21                                         38        130         0         130 
    mul_44_21                                         38        130         0         130 
    PREFIX_lp_operand_isolation_RC_OI_HIER_INST44     11         27         0          27 
      PREFIX_lp_operand_isolation_RC_OI_CTRL_INST      1          3         0           3 
    PREFIX_lp_clock_gating_RC_CG_HIER_INST36           1          8         0           8 
    PREFIX_lp_clock_gating_RC_CG_HIER_INST35           1          8         0           8 
    PREFIX_lp_clock_gating_RC_CG_HIER_INST34           1          8         0           8 
    PREFIX_lp_clock_gating_RC_CG_HIER_INST33           1          8         0           8 
    PREFIX_lp_clock_gating_RC_CG_HIER_INST32           1          8         0           8 
    PREFIX_lp_clock_gating_RC_CG_HIER_INST31           1          8         0           8 
    PREFIX_lp_clock_gating_RC_CG_HIER_INST30           1          8         0           8 
    PREFIX_lp_clock_gating_RC_CG_HIER_INST29           1          8         0           8 
    PREFIX_lp_clock_gating_RC_CG_HIER_INST28           1          8         0           8 
    PREFIX_lp_clock_gating_RC_CG_HIER_INST27           1          8         0           8 
    PREFIX_lp_clock_gating_RC_CG_HIER_INST26           1          8         0           8 
    PREFIX_lp_clock_gating_RC_CG_HIER_INST25           1          8         0           8 
    PREFIX_lp_clock_gating_RC_CG_HIER_INST24           1          8         0           8 
    PREFIX_lp_clock_gating_RC_CG_HIER_INST23           1          8         0           8 
    PREFIX_lp_clock_gating_RC_CG_HIER_INST22           1          8         0           8 
    PREFIX_lp_clock_gating_RC_CG_HIER_INST21           1          8         0           8 
  base3                                              226        796         0         796 
    csa_tree_add_38_13_groupi                         93        253         0         253 
    PREFIX_lp_operand_isolation_RC_OI_HIER_INST59     10         24         0          24 
      PREFIX_lp_operand_isolation_RC_OI_CTRL_INST      1          3         0           3 
    PREFIX_lp_operand_isolation_RC_OI_HIER_INST61     10         24         0          24 
      PREFIX_lp_operand_isolation_RC_OI_CTRL_INST      1          2         0           2 
    PREFIX_lp_clock_gating_RC_CG_HIER_INST19           1          8         0           8 
    PREFIX_lp_clock_gating_RC_CG_HIER_INST17           1          8         0           8 
    PREFIX_lp_clock_gating_RC_CG_HIER_INST16           1          8         0           8 
    PREFIX_lp_clock_gating_RC_CG_HIER_INST15           1          8         0           8 
    PREFIX_lp_clock_gating_RC_CG_HIER_INST14           1          8         0           8 
    gCGor29                                            1          2         0           2 
    gCGor27                                            1          2         0           2 
    gCGor24                                            1          2         0           2 
    gCGor22                                            1          2         0           2 
  base2                                              226        796         0         796 
    csa_tree_add_38_13_groupi                         93        253         0         253 
    PREFIX_lp_operand_isolation_RC_OI_HIER_INST59     10         24         0          24 
      PREFIX_lp_operand_isolation_RC_OI_CTRL_INST      1          3         0           3 
    PREFIX_lp_operand_isolation_RC_OI_HIER_INST61     10         24         0          24 
      PREFIX_lp_operand_isolation_RC_OI_CTRL_INST      1          2         0           2 
    PREFIX_lp_clock_gating_RC_CG_HIER_INST9            1          8         0           8 
    PREFIX_lp_clock_gating_RC_CG_HIER_INST8            1          8         0           8 
    PREFIX_lp_clock_gating_RC_CG_HIER_INST7            1          8         0           8 
    PREFIX_lp_clock_gating_RC_CG_HIER_INST12           1          8         0           8 
    PREFIX_lp_clock_gating_RC_CG_HIER_INST10           1          8         0           8 
    gCGor19                                            1          2         0           2 
    gCGor17                                            1          2         0           2 
    gCGor14                                            1          2         0           2 
    gCGor12                                            1          2         0           2 
  base1                                              226        796         0         796 
    csa_tree_add_38_13_groupi                         93        253         0         253 
    PREFIX_lp_operand_isolation_RC_OI_HIER_INST59     10         24         0          24 
      PREFIX_lp_operand_isolation_RC_OI_CTRL_INST      1          3         0           3 
    PREFIX_lp_operand_isolation_RC_OI_HIER_INST61     10         24         0          24 
      PREFIX_lp_operand_isolation_RC_OI_CTRL_INST      1          2         0           2 
    PREFIX_lp_clock_gating_RC_CG_HIER_INST5            1          8         0           8 
    PREFIX_lp_clock_gating_RC_CG_HIER_INST3            1          8         0           8 
    PREFIX_lp_clock_gating_RC_CG_HIER_INST2            1          8         0           8 
    PREFIX_lp_clock_gating_RC_CG_HIER_INST1            1          8         0           8 
    PREFIX_lp_clock_gating_RC_CG_HIER_INST0            1          8         0           8 
    gCGor9                                             1          2         0           2 
    gCGor7                                             1          2         0           2 
    gCGor4                                             1          2         0           2 
    gCGor2                                             1          2         0           2 
