============================================================
  Generated by:           Encounter(R) RTL Compiler RC14.11 - v14.10-s012_1
  Generated on:           Dec 25 2018  12:10:06 pm
  Module:                 Stacking_Top_Module
  Technology library:     tcbn65gplushpbwpwc_ecsm 140
  Operating conditions:   WCCOM 
  Interconnect mode:      global
  Area mode:              timing library
============================================================

                                     
     Gate       Instances    Area              Library          
----------------------------------------------------------------
AN2D1HPBWP              3      7.200    tcbn65gplushpbwpwc_ecsm 
AN2D2HPBWP              3      8.400    tcbn65gplushpbwpwc_ecsm 
AN2XD1HPBWP            15     36.000    tcbn65gplushpbwpwc_ecsm 
AN3D0HPBWP              1      2.800    tcbn65gplushpbwpwc_ecsm 
AN3D2HPBWP              3      9.600    tcbn65gplushpbwpwc_ecsm 
AN3XD1HPBWP             6     16.800    tcbn65gplushpbwpwc_ecsm 
AO21D0HPBWP             3      8.400    tcbn65gplushpbwpwc_ecsm 
AO22D0HPBWP           114    364.800    tcbn65gplushpbwpwc_ecsm 
AOI21D1HPBWP           22     52.800    tcbn65gplushpbwpwc_ecsm 
AOI221D1HPBWP         135    486.000    tcbn65gplushpbwpwc_ecsm 
AOI22D1HPBWP          198    554.400    tcbn65gplushpbwpwc_ecsm 
AOI32D1HPBWP            1      3.200    tcbn65gplushpbwpwc_ecsm 
CKAN2D0HPBWP           85    204.000    tcbn65gplushpbwpwc_ecsm 
CKAN2D1HPBWP            9     21.600    tcbn65gplushpbwpwc_ecsm 
CKAN2D2HPBWP           73    204.400    tcbn65gplushpbwpwc_ecsm 
CKBD0HPBWP             12     19.200    tcbn65gplushpbwpwc_ecsm 
CKBD1HPBWP              3      4.800    tcbn65gplushpbwpwc_ecsm 
CKLNQD1HPBWP          301   2287.600    tcbn65gplushpbwpwc_ecsm 
CKND0HPBWP              1      1.200    tcbn65gplushpbwpwc_ecsm 
CKND1HPBWP             21     25.200    tcbn65gplushpbwpwc_ecsm 
CKND2D0HPBWP            4      6.400    tcbn65gplushpbwpwc_ecsm 
CMPE42D1HPBWP           4     76.800    tcbn65gplushpbwpwc_ecsm 
DFCND1HPBWP             6     57.600    tcbn65gplushpbwpwc_ecsm 
DFCNQD1HPBWP          113    994.400    tcbn65gplushpbwpwc_ecsm 
DFCNQD2HPBWP            3     30.000    tcbn65gplushpbwpwc_ecsm 
DFQD1HPBWP            840   6384.000    tcbn65gplushpbwpwc_ecsm 
DFSNQD1HPBWP            4     36.800    tcbn65gplushpbwpwc_ecsm 
FA1D0HPBWP             34    340.000    tcbn65gplushpbwpwc_ecsm 
HA1D0HPBWP             40    256.000    tcbn65gplushpbwpwc_ecsm 
IAO21D1HPBWP           16     44.800    tcbn65gplushpbwpwc_ecsm 
IND2D0HPBWP            31     74.400    tcbn65gplushpbwpwc_ecsm 
IND2D1HPBWP             6     14.400    tcbn65gplushpbwpwc_ecsm 
IND3D1HPBWP             4     11.200    tcbn65gplushpbwpwc_ecsm 
IND4D1HPBWP             1      3.200    tcbn65gplushpbwpwc_ecsm 
INR2XD0HPBWP           51    122.400    tcbn65gplushpbwpwc_ecsm 
INR2XD2HPBWP            3     15.600    tcbn65gplushpbwpwc_ecsm 
INR3D0HPBWP             6     16.800    tcbn65gplushpbwpwc_ecsm 
INVD1HPBWP            125    150.000    tcbn65gplushpbwpwc_ecsm 
INVD2HPBWP             39     62.400    tcbn65gplushpbwpwc_ecsm 
MAOI222D1HPBWP          9     28.800    tcbn65gplushpbwpwc_ecsm 
MAOI22D0HPBWP          15     48.000    tcbn65gplushpbwpwc_ecsm 
MAOI22D1HPBWP           9     28.800    tcbn65gplushpbwpwc_ecsm 
MOAI22D0HPBWP          34    108.800    tcbn65gplushpbwpwc_ecsm 
MOAI22D1HPBWP          39    124.800    tcbn65gplushpbwpwc_ecsm 
MUX2D0HPBWP            12     43.200    tcbn65gplushpbwpwc_ecsm 
MUX2ND0HPBWP           55    176.000    tcbn65gplushpbwpwc_ecsm 
ND2D0HPBWP             51     81.600    tcbn65gplushpbwpwc_ecsm 
ND2D1HPBWP             33     52.800    tcbn65gplushpbwpwc_ecsm 
ND2D2HPBWP              4     11.200    tcbn65gplushpbwpwc_ecsm 
ND3D0HPBWP              2      4.800    tcbn65gplushpbwpwc_ecsm 
ND3D1HPBWP              6     14.400    tcbn65gplushpbwpwc_ecsm 
ND4D1HPBWP             82    229.600    tcbn65gplushpbwpwc_ecsm 
NR2D0HPBWP              4      6.400    tcbn65gplushpbwpwc_ecsm 
NR2D1HPBWP             24     38.400    tcbn65gplushpbwpwc_ecsm 
NR2D2HPBWP              3      8.400    tcbn65gplushpbwpwc_ecsm 
NR2D3HPBWP              6     24.000    tcbn65gplushpbwpwc_ecsm 
NR2XD0HPBWP           120    192.000    tcbn65gplushpbwpwc_ecsm 
NR2XD1HPBWP            12     33.600    tcbn65gplushpbwpwc_ecsm 
NR3D0HPBWP              6     14.400    tcbn65gplushpbwpwc_ecsm 
OA21D0HPBWP             4     11.200    tcbn65gplushpbwpwc_ecsm 
OAI211D0HPBWP           1      2.800    tcbn65gplushpbwpwc_ecsm 
OAI211D1HPBWP           7     19.600    tcbn65gplushpbwpwc_ecsm 
OAI21D0HPBWP            1      2.400    tcbn65gplushpbwpwc_ecsm 
OAI21D1HPBWP            9     21.600    tcbn65gplushpbwpwc_ecsm 
OAI22D1HPBWP           24     67.200    tcbn65gplushpbwpwc_ecsm 
OAI31D1HPBWP            1      2.800    tcbn65gplushpbwpwc_ecsm 
OR2D2HPBWP              3      8.400    tcbn65gplushpbwpwc_ecsm 
OR3D0HPBWP              3      8.400    tcbn65gplushpbwpwc_ecsm 
OR4D0HPBWP              1      3.200    tcbn65gplushpbwpwc_ecsm 
OR4D1HPBWP              1      3.200    tcbn65gplushpbwpwc_ecsm 
SDFCNQD0HPBWP           1     11.600    tcbn65gplushpbwpwc_ecsm 
SDFCNQD1HPBWP           3     34.800    tcbn65gplushpbwpwc_ecsm 
XNR2D0HPBWP             6     24.000    tcbn65gplushpbwpwc_ecsm 
XNR4D1HPBWP             1      9.600    tcbn65gplushpbwpwc_ecsm 
XOR2D1HPBWP             3     12.000    tcbn65gplushpbwpwc_ecsm 
XOR3D1HPBWP             4     27.200    tcbn65gplushpbwpwc_ecsm 
----------------------------------------------------------------
total                2938  14555.600                            


                                                        
            Type             Instances    Area   Area % 
--------------------------------------------------------
sequential                         970  7549.200   51.9 
inverter                           186   238.800    1.6 
buffer                              15    24.000    0.2 
clock_gating_integrated_cell       301  2287.600   15.7 
logic                             1466  4456.000   30.6 
--------------------------------------------------------
total                             2938 14555.600  100.0 

