============================================================
  Generated by:           Encounter(R) RTL Compiler RC14.11 - v14.10-s012_1
  Generated on:           Dec 04 2018  03:36:16 pm
  Module:                 TopBagging
  Technology library:     tcbn65gplushpbwpwc_ecsm 140
  Operating conditions:   WCCOM 
  Interconnect mode:      global
  Area mode:              timing library
============================================================

                                        Leakage    Dynamic      Total    
            Instance            Cells  Power(nW)  Power(nW)   Power(nW)  
-------------------------------------------------------------------------
TopBagging                       2648 148509.813 2813410.582 2961920.396 
  m2                              656  37967.397  552750.801  590718.198 
    PREFIX_lp_.._HIER_INST114       1     70.577    5285.457    5356.034 
    PREFIX_lp_.._HIER_INST115       1     70.577    5285.457    5356.034 
    PREFIX_lp_.._HIER_INST116       1     70.577    5285.457    5356.034 
    PREFIX_lp_.._HIER_INST183       1     69.822    4881.476    4951.298 
    PREFIX_lp_.._HIER_INST184       1     69.822    4881.476    4951.298 
    PREFIX_lp_.._HIER_INST185       1     69.822    4881.476    4951.298 
    PREFIX_lp_.._HIER_INST135       1     69.795    4836.379    4906.175 
    PREFIX_lp_.._HIER_INST136       1     69.795    4836.379    4906.175 
    PREFIX_lp_.._HIER_INST137       1     69.795    4836.379    4906.175 
    PREFIX_lp_.._HIER_INST111       1     69.782    4818.431    4888.213 
    PREFIX_lp_.._HIER_INST112       1     69.782    4818.431    4888.213 
    PREFIX_lp_.._HIER_INST113       1     69.782    4818.431    4888.213 
    PREFIX_lp_.._HIER_INST126       1     69.687    4756.033    4825.720 
    PREFIX_lp_.._HIER_INST127       1     69.687    4756.033    4825.720 
    PREFIX_lp_.._HIER_INST128       1     69.687    4756.033    4825.720 
    PREFIX_lp_.._HIER_INST150       1     69.687    4774.136    4843.823 
    PREFIX_lp_.._HIER_INST151       1     69.687    4774.136    4843.823 
    PREFIX_lp_.._HIER_INST152       1     69.687    4774.136    4843.823 
    PREFIX_lp_.._HIER_INST168       1     69.660    4738.297    4807.957 
    PREFIX_lp_.._HIER_INST169       1     69.660    4738.297    4807.957 
    PREFIX_lp_.._HIER_INST170       1     69.660    4738.297    4807.957 
    PREFIX_lp_.._HIER_INST159       1     69.646    4746.753    4816.399 
    PREFIX_lp_.._HIER_INST160       1     69.646    4746.753    4816.399 
    PREFIX_lp_.._HIER_INST161       1     69.646    4746.753    4816.399 
    PREFIX_lp_.._HIER_INST180       1     69.579    4710.892    4780.471 
    PREFIX_lp_.._HIER_INST181       1     69.579    4710.892    4780.471 
    PREFIX_lp_.._HIER_INST182       1     69.579    4710.892    4780.471 
    PREFIX_lp_.._HIER_INST189       1     69.579    4728.837    4798.416 
    PREFIX_lp_.._HIER_INST190       1     69.579    4728.837    4798.416 
    PREFIX_lp_.._HIER_INST191       1     69.579    4728.837    4798.416 
    PREFIX_lp_.._HIER_INST129       1     69.565    4692.992    4762.557 
    PREFIX_lp_.._HIER_INST130       1     69.565    4692.992    4762.557 
    PREFIX_lp_.._HIER_INST131       1     69.565    4692.992    4762.557 
    PREFIX_lp_.._HIER_INST186       1     69.565    4692.987    4762.552 
    PREFIX_lp_.._HIER_INST187       1     69.565    4692.987    4762.552 
    PREFIX_lp_.._HIER_INST188       1     69.565    4692.987    4762.552 
    PREFIX_lp_.._HIER_INST174       1     69.525    4657.148    4726.673 
    PREFIX_lp_.._HIER_INST175       1     69.525    4657.148    4726.673 
    PREFIX_lp_.._HIER_INST176       1     69.525    4657.148    4726.673 
    PREFIX_lp_.._HIER_INST162       1     69.485    4657.155    4726.639 
    PREFIX_lp_.._HIER_INST163       1     69.485    4657.155    4726.639 
    PREFIX_lp_.._HIER_INST164       1     69.485    4657.155    4726.639 
    PREFIX_lp_.._HIER_INST192       1     69.404    4603.418    4672.822 
    PREFIX_lp_.._HIER_INST193       1     69.404    4603.418    4672.822 
    PREFIX_lp_.._HIER_INST194       1     69.404    4603.418    4672.822 
    PREFIX_lp_.._HIER_INST120       1     69.377    4603.370    4672.747 
    PREFIX_lp_.._HIER_INST121       1     69.377    4603.370    4672.747 
    PREFIX_lp_.._HIER_INST122       1     69.377    4603.370    4672.747 
    PREFIX_lp_.._HIER_INST117       1     69.364    4576.000    4645.364 
    PREFIX_lp_.._HIER_INST118       1     69.364    4576.000    4645.364 
    PREFIX_lp_.._HIER_INST119       1     69.364    4576.000    4645.364 
    PREFIX_lp_.._HIER_INST123       1     69.364    4576.000    4645.364 
    PREFIX_lp_.._HIER_INST124       1     69.364    4576.000    4645.364 
    PREFIX_lp_.._HIER_INST125       1     69.364    4576.000    4645.364 
    PREFIX_lp_.._HIER_INST132       1     69.364    4576.000    4645.364 
    PREFIX_lp_.._HIER_INST133       1     69.364    4576.000    4645.364 
    PREFIX_lp_.._HIER_INST134       1     69.364    4576.000    4645.364 
    PREFIX_lp_.._HIER_INST138       1     69.364    4576.000    4645.364 
    PREFIX_lp_.._HIER_INST139       1     69.364    4576.000    4645.364 
    PREFIX_lp_.._HIER_INST140       1     69.364    4576.000    4645.364 
    PREFIX_lp_.._HIER_INST141       1     69.364    4576.000    4645.364 
    PREFIX_lp_.._HIER_INST142       1     69.364    4576.000    4645.364 
    PREFIX_lp_.._HIER_INST143       1     69.364    4576.000    4645.364 
    PREFIX_lp_.._HIER_INST144       1     69.364    4576.000    4645.364 
    PREFIX_lp_.._HIER_INST145       1     69.364    4576.000    4645.364 
    PREFIX_lp_.._HIER_INST146       1     69.364    4576.000    4645.364 
    PREFIX_lp_.._HIER_INST147       1     69.364    4576.000    4645.364 
    PREFIX_lp_.._HIER_INST148       1     69.364    4576.000    4645.364 
    PREFIX_lp_.._HIER_INST149       1     69.364    4576.000    4645.364 
    PREFIX_lp_.._HIER_INST153       1     69.364    4576.000    4645.364 
    PREFIX_lp_.._HIER_INST154       1     69.364    4576.000    4645.364 
    PREFIX_lp_.._HIER_INST155       1     69.364    4576.000    4645.364 
    PREFIX_lp_.._HIER_INST156       1     69.364    4576.000    4645.364 
    PREFIX_lp_.._HIER_INST157       1     69.364    4576.000    4645.364 
    PREFIX_lp_.._HIER_INST158       1     69.364    4576.000    4645.364 
    PREFIX_lp_.._HIER_INST165       1     69.364    4576.000    4645.364 
    PREFIX_lp_.._HIER_INST166       1     69.364    4576.000    4645.364 
    PREFIX_lp_.._HIER_INST167       1     69.364    4576.000    4645.364 
    PREFIX_lp_.._HIER_INST171       1     69.364    4576.000    4645.364 
    PREFIX_lp_.._HIER_INST172       1     69.364    4576.000    4645.364 
    PREFIX_lp_.._HIER_INST173       1     69.364    4576.000    4645.364 
    PREFIX_lp_.._HIER_INST177       1     69.364    4576.000    4645.364 
    PREFIX_lp_.._HIER_INST178       1     69.364    4576.000    4645.364 
    PREFIX_lp_.._HIER_INST179       1     69.364    4576.000    4645.364 
    PREFIX_lp_.._HIER_INST195       1     69.364    4576.000    4645.364 
    PREFIX_lp_.._HIER_INST196       1     69.364    4576.000    4645.364 
    PREFIX_lp_.._HIER_INST197       1     69.364    4576.000    4645.364 
    PREFIX_lp_.._HIER_INST198       1     69.364    4576.000    4645.364 
    PREFIX_lp_.._HIER_INST199       1     69.364    4576.000    4645.364 
    PREFIX_lp_.._HIER_INST200       1     69.364    4576.000    4645.364 
  m3                              656  37966.863  548602.892  586569.755 
    PREFIX_lp_.._HIER_INST252       1     70.469    5258.001    5328.470 
    PREFIX_lp_.._HIER_INST253       1     70.469    5258.001    5328.470 
    PREFIX_lp_.._HIER_INST254       1     70.469    5258.001    5328.470 
    PREFIX_lp_.._HIER_INST285       1     70.280    5142.094    5212.374 
    PREFIX_lp_.._HIER_INST286       1     70.280    5142.094    5212.374 
    PREFIX_lp_.._HIER_INST287       1     70.280    5142.094    5212.374 
    PREFIX_lp_.._HIER_INST237       1     70.024    4972.284    5042.309 
    PREFIX_lp_.._HIER_INST238       1     70.024    4972.284    5042.309 
    PREFIX_lp_.._HIER_INST239       1     70.024    4972.284    5042.309 
    PREFIX_lp_.._HIER_INST234       1     69.970    4935.421    5005.392 
    PREFIX_lp_.._HIER_INST235       1     69.970    4935.421    5005.392 
    PREFIX_lp_.._HIER_INST236       1     69.970    4935.421    5005.392 
    PREFIX_lp_.._HIER_INST261       1     69.836    4854.300    4924.135 
    PREFIX_lp_.._HIER_INST262       1     69.836    4854.300    4924.135 
    PREFIX_lp_.._HIER_INST263       1     69.836    4854.300    4924.135 
    PREFIX_lp_.._HIER_INST276       1     69.782    4827.895    4897.676 
    PREFIX_lp_.._HIER_INST277       1     69.782    4827.895    4897.676 
    PREFIX_lp_.._HIER_INST278       1     69.782    4827.895    4897.676 
    PREFIX_lp_.._HIER_INST249       1     69.633    4747.771    4817.403 
    PREFIX_lp_.._HIER_INST250       1     69.633    4747.771    4817.403 
    PREFIX_lp_.._HIER_INST251       1     69.633    4747.771    4817.403 
    PREFIX_lp_.._HIER_INST243       1     69.579    4702.461    4772.040 
    PREFIX_lp_.._HIER_INST244       1     69.579    4702.461    4772.040 
    PREFIX_lp_.._HIER_INST245       1     69.579    4702.461    4772.040 
    PREFIX_lp_.._HIER_INST207       1     69.538    4675.067    4744.606 
    PREFIX_lp_.._HIER_INST208       1     69.538    4675.067    4744.606 
    PREFIX_lp_.._HIER_INST209       1     69.538    4675.067    4744.606 
    PREFIX_lp_.._HIER_INST273       1     69.525    4692.897    4762.422 
    PREFIX_lp_.._HIER_INST274       1     69.525    4692.897    4762.422 
    PREFIX_lp_.._HIER_INST275       1     69.525    4692.897    4762.422 
    PREFIX_lp_.._HIER_INST255       1     69.485    4657.176    4726.660 
    PREFIX_lp_.._HIER_INST256       1     69.485    4657.176    4726.660 
    PREFIX_lp_.._HIER_INST257       1     69.485    4657.176    4726.660 
    PREFIX_lp_.._HIER_INST219       1     69.404    4603.390    4672.793 
    PREFIX_lp_.._HIER_INST220       1     69.404    4603.390    4672.793 
    PREFIX_lp_.._HIER_INST221       1     69.404    4603.390    4672.793 
    PREFIX_lp_.._HIER_INST270       1     69.377    4603.370    4672.747 
    PREFIX_lp_.._HIER_INST271       1     69.377    4603.370    4672.747 
    PREFIX_lp_.._HIER_INST272       1     69.377    4603.370    4672.747 
    PREFIX_lp_.._HIER_INST201       1     69.364    4576.000    4645.364 
    PREFIX_lp_.._HIER_INST202       1     69.364    4576.000    4645.364 
    PREFIX_lp_.._HIER_INST203       1     69.364    4576.000    4645.364 
    PREFIX_lp_.._HIER_INST204       1     69.364    4576.000    4645.364 
    PREFIX_lp_.._HIER_INST205       1     69.364    4576.000    4645.364 
    PREFIX_lp_.._HIER_INST206       1     69.364    4576.000    4645.364 
    PREFIX_lp_.._HIER_INST210       1     69.364    4576.000    4645.364 
    PREFIX_lp_.._HIER_INST211       1     69.364    4576.000    4645.364 
    PREFIX_lp_.._HIER_INST212       1     69.364    4576.000    4645.364 
    PREFIX_lp_.._HIER_INST213       1     69.364    4576.000    4645.364 
    PREFIX_lp_.._HIER_INST214       1     69.364    4576.000    4645.364 
    PREFIX_lp_.._HIER_INST215       1     69.364    4576.000    4645.364 
    PREFIX_lp_.._HIER_INST216       1     69.364    4576.000    4645.364 
    PREFIX_lp_.._HIER_INST217       1     69.364    4576.000    4645.364 
    PREFIX_lp_.._HIER_INST218       1     69.364    4576.000    4645.364 
    PREFIX_lp_.._HIER_INST222       1     69.364    4576.000    4645.364 
    PREFIX_lp_.._HIER_INST223       1     69.364    4576.000    4645.364 
    PREFIX_lp_.._HIER_INST224       1     69.364    4576.000    4645.364 
    PREFIX_lp_.._HIER_INST225       1     69.364    4576.000    4645.364 
    PREFIX_lp_.._HIER_INST226       1     69.364    4576.000    4645.364 
    PREFIX_lp_.._HIER_INST227       1     69.364    4576.000    4645.364 
    PREFIX_lp_.._HIER_INST228       1     69.364    4576.000    4645.364 
    PREFIX_lp_.._HIER_INST229       1     69.364    4576.000    4645.364 
    PREFIX_lp_.._HIER_INST230       1     69.364    4576.000    4645.364 
    PREFIX_lp_.._HIER_INST231       1     69.364    4576.000    4645.364 
    PREFIX_lp_.._HIER_INST232       1     69.364    4576.000    4645.364 
    PREFIX_lp_.._HIER_INST233       1     69.364    4576.000    4645.364 
    PREFIX_lp_.._HIER_INST240       1     69.364    4576.000    4645.364 
    PREFIX_lp_.._HIER_INST241       1     69.364    4576.000    4645.364 
    PREFIX_lp_.._HIER_INST242       1     69.364    4576.000    4645.364 
    PREFIX_lp_.._HIER_INST246       1     69.364    4576.000    4645.364 
    PREFIX_lp_.._HIER_INST247       1     69.364    4576.000    4645.364 
    PREFIX_lp_.._HIER_INST248       1     69.364    4576.000    4645.364 
    PREFIX_lp_.._HIER_INST258       1     69.364    4576.000    4645.364 
    PREFIX_lp_.._HIER_INST259       1     69.364    4576.000    4645.364 
    PREFIX_lp_.._HIER_INST260       1     69.364    4576.000    4645.364 
    PREFIX_lp_.._HIER_INST264       1     69.364    4576.000    4645.364 
    PREFIX_lp_.._HIER_INST265       1     69.364    4576.000    4645.364 
    PREFIX_lp_.._HIER_INST266       1     69.364    4576.000    4645.364 
    PREFIX_lp_.._HIER_INST267       1     69.364    4576.000    4645.364 
    PREFIX_lp_.._HIER_INST268       1     69.364    4576.000    4645.364 
    PREFIX_lp_.._HIER_INST269       1     69.364    4576.000    4645.364 
    PREFIX_lp_.._HIER_INST279       1     69.364    4576.000    4645.364 
    PREFIX_lp_.._HIER_INST280       1     69.364    4576.000    4645.364 
    PREFIX_lp_.._HIER_INST281       1     69.364    4576.000    4645.364 
    PREFIX_lp_.._HIER_INST282       1     69.364    4576.000    4645.364 
    PREFIX_lp_.._HIER_INST283       1     69.364    4576.000    4645.364 
    PREFIX_lp_.._HIER_INST284       1     69.364    4576.000    4645.364 
    PREFIX_lp_.._HIER_INST288       1     69.364    4576.000    4645.364 
    PREFIX_lp_.._HIER_INST289       1     69.364    4576.000    4645.364 
    PREFIX_lp_.._HIER_INST290       1     69.364    4576.000    4645.364 
  m1                              656  37869.223  551353.225  589222.448 
    PREFIX_lp_..G_HIER_INST66       1     70.523    5257.804    5328.327 
    PREFIX_lp_..G_HIER_INST67       1     70.523    5257.804    5328.327 
    PREFIX_lp_..G_HIER_INST68       1     70.523    5257.804    5328.327 
    PREFIX_lp_..G_HIER_INST21       1     69.997    4944.885    5014.882 
    PREFIX_lp_..G_HIER_INST22       1     69.997    4944.885    5014.882 
    PREFIX_lp_..G_HIER_INST23       1     69.997    4944.885    5014.882 
    PREFIX_lp_..G_HIER_INST51       1     69.916    4890.120    4960.037 
    PREFIX_lp_..G_HIER_INST52       1     69.916    4890.120    4960.037 
    PREFIX_lp_..G_HIER_INST53       1     69.916    4890.120    4960.037 
    PREFIX_lp_.._HIER_INST108       1     69.822    4809.975    4879.797 
    PREFIX_lp_.._HIER_INST109       1     69.822    4809.975    4879.797 
    PREFIX_lp_.._HIER_INST110       1     69.822    4809.975    4879.797 
    PREFIX_lp_..G_HIER_INST72       1     69.714    4800.518    4870.232 
    PREFIX_lp_..G_HIER_INST73       1     69.714    4800.518    4870.232 
    PREFIX_lp_..G_HIER_INST74       1     69.714    4800.518    4870.232 
    PREFIX_lp_..G_HIER_INST33       1     69.701    4764.677    4834.379 
    PREFIX_lp_..G_HIER_INST34       1     69.701    4764.677    4834.379 
    PREFIX_lp_..G_HIER_INST35       1     69.701    4764.677    4834.379 
    PREFIX_lp_..G_HIER_INST60       1     69.660    4792.056    4861.716 
    PREFIX_lp_..G_HIER_INST61       1     69.660    4792.056    4861.716 
    PREFIX_lp_..G_HIER_INST62       1     69.660    4792.056    4861.716 
    PREFIX_lp_..G_HIER_INST63       1     69.606    4710.912    4780.518 
    PREFIX_lp_..G_HIER_INST64       1     69.606    4710.912    4780.518 
    PREFIX_lp_..G_HIER_INST65       1     69.606    4710.912    4780.518 
    PREFIX_lp_..G_HIER_INST27       1     69.525    4720.373    4789.898 
    PREFIX_lp_..G_HIER_INST28       1     69.525    4720.373    4789.898 
    PREFIX_lp_..G_HIER_INST29       1     69.525    4720.373    4789.898 
    PREFIX_lp_..G_HIER_INST87       1     69.498    4684.533    4754.031 
    PREFIX_lp_..G_HIER_INST88       1     69.498    4684.533    4754.031 
    PREFIX_lp_..G_HIER_INST89       1     69.498    4684.533    4754.031 
    PREFIX_lp_..G_HIER_INST75       1     69.485    4657.176    4726.660 
    PREFIX_lp_..G_HIER_INST76       1     69.485    4657.176    4726.660 
    PREFIX_lp_..G_HIER_INST77       1     69.485    4657.176    4726.660 
    PREFIX_lp_..G_HIER_INST69       1     69.471    4639.230    4708.702 
    PREFIX_lp_..G_HIER_INST70       1     69.471    4639.230    4708.702 
    PREFIX_lp_..G_HIER_INST71       1     69.471    4639.230    4708.702 
    PREFIX_lp_..G_HIER_INST84       1     69.444    4621.307    4690.751 
    PREFIX_lp_..G_HIER_INST85       1     69.444    4621.307    4690.751 
    PREFIX_lp_..G_HIER_INST86       1     69.444    4621.307    4690.751 
    PREFIX_lp_..G_HIER_INST36       1     69.390    4603.295    4672.686 
    PREFIX_lp_..G_HIER_INST37       1     69.390    4603.295    4672.686 
    PREFIX_lp_..G_HIER_INST38       1     69.390    4603.295    4672.686 
    PREFIX_lp_.._HIER_INST100       1     69.364    4576.000    4645.364 
    PREFIX_lp_.._HIER_INST101       1     69.364    4576.000    4645.364 
    PREFIX_lp_.._HIER_INST102       1     69.364    4576.000    4645.364 
    PREFIX_lp_.._HIER_INST103       1     69.364    4576.000    4645.364 
    PREFIX_lp_.._HIER_INST104       1     69.364    4576.000    4645.364 
    PREFIX_lp_.._HIER_INST105       1     69.364    4576.000    4645.364 
    PREFIX_lp_.._HIER_INST106       1     69.364    4576.000    4645.364 
    PREFIX_lp_.._HIER_INST107       1     69.364    4576.000    4645.364 
    PREFIX_lp_..G_HIER_INST24       1     69.364    4576.000    4645.364 
    PREFIX_lp_..G_HIER_INST25       1     69.364    4576.000    4645.364 
    PREFIX_lp_..G_HIER_INST26       1     69.364    4576.000    4645.364 
    PREFIX_lp_..G_HIER_INST30       1     69.364    4576.000    4645.364 
    PREFIX_lp_..G_HIER_INST31       1     69.364    4576.000    4645.364 
    PREFIX_lp_..G_HIER_INST32       1     69.364    4576.000    4645.364 
    PREFIX_lp_..G_HIER_INST39       1     69.364    4576.000    4645.364 
    PREFIX_lp_..G_HIER_INST40       1     69.364    4576.000    4645.364 
    PREFIX_lp_..G_HIER_INST41       1     69.364    4576.000    4645.364 
    PREFIX_lp_..G_HIER_INST42       1     69.364    4576.000    4645.364 
    PREFIX_lp_..G_HIER_INST43       1     69.364    4576.000    4645.364 
    PREFIX_lp_..G_HIER_INST44       1     69.364    4576.000    4645.364 
    PREFIX_lp_..G_HIER_INST45       1     69.364    4576.000    4645.364 
    PREFIX_lp_..G_HIER_INST46       1     69.364    4576.000    4645.364 
    PREFIX_lp_..G_HIER_INST47       1     69.364    4576.000    4645.364 
    PREFIX_lp_..G_HIER_INST48       1     69.364    4576.000    4645.364 
    PREFIX_lp_..G_HIER_INST49       1     69.364    4576.000    4645.364 
    PREFIX_lp_..G_HIER_INST50       1     69.364    4576.000    4645.364 
    PREFIX_lp_..G_HIER_INST54       1     69.364    4576.000    4645.364 
    PREFIX_lp_..G_HIER_INST55       1     69.364    4576.000    4645.364 
    PREFIX_lp_..G_HIER_INST56       1     69.364    4576.000    4645.364 
    PREFIX_lp_..G_HIER_INST57       1     69.364    4576.000    4645.364 
    PREFIX_lp_..G_HIER_INST58       1     69.364    4576.000    4645.364 
    PREFIX_lp_..G_HIER_INST59       1     69.364    4576.000    4645.364 
    PREFIX_lp_..G_HIER_INST78       1     69.364    4576.000    4645.364 
    PREFIX_lp_..G_HIER_INST79       1     69.364    4576.000    4645.364 
    PREFIX_lp_..G_HIER_INST80       1     69.364    4576.000    4645.364 
    PREFIX_lp_..G_HIER_INST81       1     69.364    4576.000    4645.364 
    PREFIX_lp_..G_HIER_INST82       1     69.364    4576.000    4645.364 
    PREFIX_lp_..G_HIER_INST83       1     69.364    4576.000    4645.364 
    PREFIX_lp_..G_HIER_INST90       1     69.364    4576.000    4645.364 
    PREFIX_lp_..G_HIER_INST91       1     69.364    4576.000    4645.364 
    PREFIX_lp_..G_HIER_INST92       1     69.364    4576.000    4645.364 
    PREFIX_lp_..G_HIER_INST93       1     69.364    4576.000    4645.364 
    PREFIX_lp_..G_HIER_INST94       1     69.364    4576.000    4645.364 
    PREFIX_lp_..G_HIER_INST95       1     69.364    4576.000    4645.364 
    PREFIX_lp_..G_HIER_INST96       1     69.364    4576.000    4645.364 
    PREFIX_lp_..G_HIER_INST97       1     69.364    4576.000    4645.364 
    PREFIX_lp_..G_HIER_INST98       1     69.364    4576.000    4645.364 
    PREFIX_lp_..G_HIER_INST99       1     69.364    4576.000    4645.364 
  bagging1                        251  12451.000  233717.003  246168.004 
    csa_tree_add_39_13_groupi      98   5655.317   17131.676   22786.993 
    PREFIX_lp_..IAL_HIER_INST      14    796.227    7005.427    7801.653 
      PREFIX_lp_.._OI_CTRL_INST     1    221.276    4367.579    4588.855 
    PREFIX_lp_..CG_HIER_INST5       1     75.633    8677.696    8753.328 
    PREFIX_lp_..CG_HIER_INST0       1     74.783    7729.265    7804.047 
    PREFIX_lp_..CG_HIER_INST1       1     74.783    7729.265    7804.047 
    PREFIX_lp_..CG_HIER_INST2       1     74.783    7729.265    7804.047 
    PREFIX_lp_..CG_HIER_INST3       1     73.448    6903.284    6976.732 
    gCGor2                          1     11.168     748.631     759.799 
    gCGor4                          1     11.168     748.631     759.799 
    gCGor7                          1     11.168     583.049     594.217 
    gCGor9                          1     11.168     583.049     594.217 
  bagging2                        207  10925.004  229274.225  240199.229 
    csa_tree_add_39_13_groupi      78   5359.677   28915.757   34275.434 
    PREFIX_lp_..G_HIER_INST12       1     75.483    8590.788    8666.271 
    PREFIX_lp_..CG_HIER_INST7       1     74.878    8099.737    8174.615 
    PREFIX_lp_..CG_HIER_INST8       1     74.878    7854.628    7929.506 
    PREFIX_lp_..CG_HIER_INST9       1     74.878    7854.628    7929.506 
    PREFIX_lp_..G_HIER_INST10       1     73.597    7105.985    7179.582 
    gCGor12                         1     11.168     852.608     863.776 
    gCGor14                         1     11.168     852.608     863.776 
    gCGor17                         1     11.168     583.049     594.217 
    gCGor19                         1     11.168     583.049     594.217 
  bagging3                        207  10911.117  204192.923  215104.040 
    csa_tree_add_39_13_groupi      78   5360.533   46305.438   51665.970 
    PREFIX_lp_..G_HIER_INST14       1     70.644    5747.090    5817.734 
    PREFIX_lp_..G_HIER_INST15       1     70.644    5704.269    5774.914 
    PREFIX_lp_..G_HIER_INST16       1     70.644    5704.269    5774.914 
    PREFIX_lp_..G_HIER_INST19       1     70.577    5634.772    5705.349 
    PREFIX_lp_..G_HIER_INST17       1     69.633    4745.606    4815.239 
    gCGor22                         1     11.168     374.316     385.484 
    gCGor24                         1     11.168     374.316     385.484 
    gCGor27                         1     11.168    1020.335    1031.503 
    gCGor29                         1     11.168    1020.335    1031.503 

