============================================================
  Generated by:           Encounter(R) RTL Compiler RC14.11 - v14.10-s012_1
  Generated on:           Dec 04 2018  03:36:16 pm
  Module:                 TopBagging
  Technology library:     tcbn65gplushpbwpwc_ecsm 140
  Operating conditions:   WCCOM 
  Interconnect mode:      global
  Area mode:              timing library
============================================================

path   1:

      Pin              Type        Fanout Load Slew Delay Arrival   
                                          (fF) (ps)  (ps)   (ps)    
--------------------------------------------------------------------
(clock clk)         launch                                      0 R 
bagging3
  temp_reg[1]/CP                                  0             0 R 
  temp_reg[1]/Q     DFCNQD2HPBWP        4 24.5   81  +153     153 R 
  g1497/A1                                             +0     153   
  g1497/ZN          NR2D2HPBWP          2 11.2   37   +37     190 F 
  g1460/A1                                             +0     190   
  g1460/ZN          OAI21D2HPBWP        3 12.9  101   +68     258 R 
  g1516/A1                                             +0     258   
  g1516/ZN          IOA21D2HPBWP        3 14.4   58   +89     346 R 
  g1446/A1                                             +0     346   
  g1446/ZN          AOI21D2HPBWP        2 10.7   53   +47     393 F 
  g1441/A1                                             +0     393   
  g1441/ZN          OAI21D1HPBWP        1  7.7  115   +78     472 R 
  g1436/CI                                             +0     472   
  g1436/CO          FA1D1HPBWP          1  7.7   59   +86     558 R 
  g1433/CI                                             +0     558   
  g1433/CO          FA1D2HPBWP          3 14.0   58   +78     636 R 
  g564/A1                                              +0     636   
  g564/ZN           IOA21D2HPBWP        4 16.5   64   +82     718 R 
  g1426/A1                                             +0     718   
  g1426/ZN          ND2D1HPBWP          2 10.1   84   +66     784 F 
  g1423/A1                                             +0     784   
  g1423/ZN          ND2D1HPBWP          2  9.0   70   +58     843 R 
  g1418/B1                                             +0     843   
  g1418/ZN          MAOI22D0HPBWP       1  6.3  188  +150     992 R 
  g1524/B1                                             +0     992   
  g1524/ZN          IOA22D1HPBWP        1  6.2   78   +86    1078 F 
  temp_reg[10]/D    DFCNQD1HPBWP                       +0    1078   
  temp_reg[10]/CP   setup                         0   +21    1099 R 
- - - - - - - - - - - - - - - - - - - - - - - - - - - - - - - - - - 
(clock clk)         capture                                  1250 R 
                    uncertainty                      -150    1100 R 
--------------------------------------------------------------------
Timing slack :       1ps 
Start-point  : bagging3/temp_reg[1]/CP
End-point    : bagging3/temp_reg[10]/D

path   2:

      Pin              Type        Fanout Load Slew Delay Arrival   
                                          (fF) (ps)  (ps)   (ps)    
--------------------------------------------------------------------
(clock clk)         launch                                      0 R 
bagging2
  temp_reg[1]/CP                                  0             0 R 
  temp_reg[1]/Q     DFCNQD2HPBWP        4 24.5   81  +153     153 R 
  g1497/A1                                             +0     153   
  g1497/ZN          NR2D2HPBWP          2 11.2   37   +37     190 F 
  g1460/A1                                             +0     190   
  g1460/ZN          OAI21D2HPBWP        3 12.9  101   +68     258 R 
  g1516/A1                                             +0     258   
  g1516/ZN          IOA21D2HPBWP        3 14.4   58   +89     346 R 
  g1446/A1                                             +0     346   
  g1446/ZN          AOI21D2HPBWP        2 10.7   53   +47     393 F 
  g1441/A1                                             +0     393   
  g1441/ZN          OAI21D1HPBWP        1  7.7  115   +78     472 R 
  g1436/CI                                             +0     472   
  g1436/CO          FA1D1HPBWP          1  7.7   59   +86     558 R 
  g1433/CI                                             +0     558   
  g1433/CO          FA1D2HPBWP          3 14.0   58   +78     636 R 
  g564/A1                                              +0     636   
  g564/ZN           IOA21D2HPBWP        4 16.5   64   +82     718 R 
  g1426/A1                                             +0     718   
  g1426/ZN          ND2D1HPBWP          2 10.1   84   +66     784 F 
  g1423/A1                                             +0     784   
  g1423/ZN          ND2D1HPBWP          2  9.0   70   +58     843 R 
  g1418/B1                                             +0     843   
  g1418/ZN          MAOI22D0HPBWP       1  6.3  188  +150     992 R 
  g1524/B1                                             +0     992   
  g1524/ZN          IOA22D1HPBWP        1  6.2   78   +86    1078 F 
  temp_reg[10]/D    DFCNQD1HPBWP                       +0    1078   
  temp_reg[10]/CP   setup                         0   +21    1099 R 
- - - - - - - - - - - - - - - - - - - - - - - - - - - - - - - - - - 
(clock clk)         capture                                  1250 R 
                    uncertainty                      -150    1100 R 
--------------------------------------------------------------------
Timing slack :       1ps 
Start-point  : bagging2/temp_reg[1]/CP
End-point    : bagging2/temp_reg[10]/D

path   3:

        Pin               Type       Fanout Load Slew Delay Arrival   
                                            (fF) (ps)  (ps)   (ps)    
----------------------------------------------------------------------
(clock clk)            launch                                     0 R 
bagging1
  state_reg[1]/CP                                   0             0 R 
  state_reg[1]/Q       DFCNQD1HPBWP       3 17.1  109  +150     150 R 
  g1546/B2                                               +0     150   
  g1546/ZN             IIND4D4HPBWP       4 21.2  109  +100     250 F 
  g369/I                                                 +0     250   
  g369/ZN              CKND4HPBWP         1 15.2   46   +41     291 R 
  PREFIX_lp_operand_isolation_RC_OI_PARTIAL_HIER_INST/PREFIX_lp_operand_isolation_RC_OI_CTRL_PORT_1 
    PREFIX_lp_operand_isolation_RC_OI_CTRL_INST/ctl_state_27_6_out_0 
      g64/A1                                             +0     291   
      g64/ZN           ND2D8HPBWP         7 41.9   51   +45     336 F 
    PREFIX_lp_operand_isolation_RC_OI_CTRL_INST/PREFIX_lp_operand_isolation_RC_OI_BUF_in_0_BAR 
    g115/B1                                              +0     336   
    g115/ZN            INR2XD2HPBWP       1  7.7   39   +33     370 R 
  PREFIX_lp_operand_isolation_RC_OI_PARTIAL_HIER_INST/PREFIX_lp_operand_isolation_RC_OI_OUT_PORT[4] 
  csa_tree_add_39_13_groupi/in_2[4] 
    cdnfadd_004_0/CI                                     +0     370   
    cdnfadd_004_0/S    FA1D2HPBWP         2 11.6   48   +96     466 R 
    g6694/A2                                             +0     466   
    g6694/ZN           ND2D1HPBWP         3 13.4  105   +77     543 F 
    g6687/A1                                             +0     543   
    g6687/Z            OA21D2HPBWP        1 10.3   39   +92     635 F 
    g6682/B                                              +0     635   
    g6682/ZN           OAI21D4HPBWP       2 14.5   68   +35     670 R 
    g6679/A1                                             +0     670   
    g6679/ZN           AOI21D4HPBWP       3 17.7   65   +46     716 F 
    g6675/A1                                             +0     716   
    g6675/ZN           OAI21D4HPBWP       2 14.5   73   +55     771 R 
    g6673/A1                                             +0     771   
    g6673/ZN           AOI21D4HPBWP       2 13.7   59   +42     813 F 
    g6671/A1                                             +0     813   
    g6671/ZN           OAI21D4HPBWP       2 13.9   71   +53     866 R 
    g6669/A1                                             +0     866   
    g6669/ZN           AOI21D4HPBWP       1  6.4   53   +33     899 F 
    g6776/A3                                             +0     899   
    g6776/Z            XOR3D2HPBWP        1  6.4   43  +108    1008 R 
  csa_tree_add_39_13_groupi/out_0[11] 
  g1408/A1                                               +0    1008   
  g1408/Z              AO21D1HPBWP        1  6.3   49   +62    1069 R 
  temp_reg[11]/D       DFCNQD1HPBWP                      +0    1069   
  temp_reg[11]/CP      setup                        0   +30    1099 R 
- - - - - - - - - - - - - - - - - - - - - - - - - - - - - - - - - - - 
(clock clk)            capture                                 1250 R 
                       uncertainty                     -150    1100 R 
----------------------------------------------------------------------
Timing slack :       1ps 
Start-point  : bagging1/state_reg[1]/CP
End-point    : bagging1/temp_reg[11]/D

path   4:

        Pin               Type        Fanout Load Slew Delay Arrival   
                                             (fF) (ps)  (ps)   (ps)    
-----------------------------------------------------------------------
(clock clk)            launch                                      0 R 
m2
  dataout_reg[0]/CP                                  0             0 R 
  dataout_reg[0]/Q     DFQD2HPBWP          2 11.4   42  +105     105 R 
m2/dataout[0] 
bagging3/weight[0] 
  csa_tree_add_39_13_groupi/in_1[0] 
    g839/A1                                               +0     105   
    g839/ZN            ND2D2HPBWP          2 10.2   44   +38     143 F 
    g859/A1                                               +0     143   
    g859/ZN            IND2D2HPBWP         2 12.6   56   +69     212 F 
    cdnfadd_002_0/CI                                      +0     212   
    cdnfadd_002_0/S    FA1D2HPBWP          2 12.8   42  +101     313 F 
    g802/A1                                               +0     313   
    g802/ZN            NR2XD2HPBWP         2  9.7   43   +35     348 R 
    g800/A1                                               +0     348   
    g800/ZN            IND2D2HPBWP         1  9.1   40   +49     397 R 
    g799/A1                                               +0     397   
    g799/ZN            ND2D3HPBWP          1  7.6   34   +28     426 F 
    g797/CI                                               +0     426   
    g797/CO            FA1D2HPBWP          1  7.6   37   +69     494 F 
    g796/CI                                               +0     494   
    g796/CO            FA1D2HPBWP          1  7.6   37   +70     564 F 
    g795/CI                                               +0     564   
    g795/CO            FA1D2HPBWP          2 14.4   49   +79     643 F 
    g793/A1                                               +0     643   
    g793/ZN            AOI21D4HPBWP        3 17.9  100   +56     699 R 
    g791/A1                                               +0     699   
    g791/ZN            OAI21D4HPBWP        2 14.4   69   +48     747 F 
    g788/A1                                               +0     747   
    g788/ZN            AOI21D4HPBWP        2 14.6   79   +55     802 R 
    g785/A1                                               +0     802   
    g785/ZN            OAI21D4HPBWP        2 13.8   68   +43     846 F 
    g783/A1                                               +0     846   
    g783/ZN            AOI21D4HPBWP        2 10.2   82   +48     893 R 
    g781/B1                                               +0     893   
    g781/ZN            MOAI22D1HPBWP       1  5.8   94   +74     968 R 
  csa_tree_add_39_13_groupi/out_0[11] 
  g1523/A1                                                +0     968   
  g1523/ZN             IOA22D1HPBWP        1  6.3  112   +91    1059 R 
  temp_reg[11]/D       DFCNQD1HPBWP                       +0    1059   
  temp_reg[11]/CP      setup                         0   +39    1098 R 
- - - - - - - - - - - - - - - - - - - - - - - - - - - - - - - - - - - -
(clock clk)            capture                                  1250 R 
                       uncertainty                      -150    1100 R 
-----------------------------------------------------------------------
Timing slack :       2ps 
Start-point  : m2/dataout_reg[0]/CP
End-point    : bagging3/temp_reg[11]/D

path   5:

        Pin               Type        Fanout Load Slew Delay Arrival   
                                             (fF) (ps)  (ps)   (ps)    
-----------------------------------------------------------------------
(clock clk)            launch                                      0 R 
m3
  dataout_reg[0]/CP                                  0             0 R 
  dataout_reg[0]/Q     DFQD2HPBWP          2 11.4   42  +105     105 R 
m3/dataout[0] 
bagging2/weight[0] 
  csa_tree_add_39_13_groupi/in_1[0] 
    g839/A1                                               +0     105   
    g839/ZN            ND2D2HPBWP          2 10.2   44   +38     143 F 
    g859/A1                                               +0     143   
    g859/ZN            IND2D2HPBWP         2 12.6   56   +69     212 F 
    cdnfadd_002_0/CI                                      +0     212   
    cdnfadd_002_0/S    FA1D2HPBWP          2 12.8   42  +101     313 F 
    g802/A1                                               +0     313   
    g802/ZN            NR2XD2HPBWP         2  9.7   43   +35     348 R 
    g800/A1                                               +0     348   
    g800/ZN            IND2D2HPBWP         1  9.1   40   +49     397 R 
    g799/A1                                               +0     397   
    g799/ZN            ND2D3HPBWP          1  7.6   34   +28     426 F 
    g797/CI                                               +0     426   
    g797/CO            FA1D2HPBWP          1  7.6   37   +69     494 F 
    g796/CI                                               +0     494   
    g796/CO            FA1D2HPBWP          1  7.6   37   +70     564 F 
    g795/CI                                               +0     564   
    g795/CO            FA1D2HPBWP          2 14.4   49   +79     643 F 
    g793/A1                                               +0     643   
    g793/ZN            AOI21D4HPBWP        3 17.9  100   +56     699 R 
    g791/A1                                               +0     699   
    g791/ZN            OAI21D4HPBWP        2 14.4   69   +48     747 F 
    g788/A1                                               +0     747   
    g788/ZN            AOI21D4HPBWP        2 14.6   79   +55     802 R 
    g785/A1                                               +0     802   
    g785/ZN            OAI21D4HPBWP        2 13.8   68   +43     846 F 
    g783/A1                                               +0     846   
    g783/ZN            AOI21D4HPBWP        2 10.2   82   +48     893 R 
    g781/B1                                               +0     893   
    g781/ZN            MOAI22D1HPBWP       1  5.8   94   +74     968 R 
  csa_tree_add_39_13_groupi/out_0[11] 
  g1523/A1                                                +0     968   
  g1523/ZN             IOA22D1HPBWP        1  6.3  112   +91    1059 R 
  temp_reg[11]/D       DFCNQD1HPBWP                       +0    1059   
  temp_reg[11]/CP      setup                         0   +39    1098 R 
- - - - - - - - - - - - - - - - - - - - - - - - - - - - - - - - - - - -
(clock clk)            capture                                  1250 R 
                       uncertainty                      -150    1100 R 
-----------------------------------------------------------------------
Timing slack :       2ps 
Start-point  : m3/dataout_reg[0]/CP
End-point    : bagging2/temp_reg[11]/D

path   6:

        Pin               Type       Fanout Load Slew Delay Arrival   
                                            (fF) (ps)  (ps)   (ps)    
----------------------------------------------------------------------
(clock clk)            launch                                     0 R 
bagging1
  state_reg[1]/CP                                   0             0 R 
  state_reg[1]/Q       DFCNQD1HPBWP       3 17.1  109  +150     150 R 
  g1546/B2                                               +0     150   
  g1546/ZN             IIND4D4HPBWP       4 21.2  109  +100     250 F 
  g369/I                                                 +0     250   
  g369/ZN              CKND4HPBWP         1 15.2   46   +41     291 R 
  PREFIX_lp_operand_isolation_RC_OI_PARTIAL_HIER_INST/PREFIX_lp_operand_isolation_RC_OI_CTRL_PORT_1 
    PREFIX_lp_operand_isolation_RC_OI_CTRL_INST/ctl_state_27_6_out_0 
      g64/A1                                             +0     291   
      g64/ZN           ND2D8HPBWP         7 41.9   51   +45     336 F 
    PREFIX_lp_operand_isolation_RC_OI_CTRL_INST/PREFIX_lp_operand_isolation_RC_OI_BUF_in_0_BAR 
    g118/I                                               +0     336   
    g118/ZN            CKND6HPBWP         6 26.1   34   +32     368 R 
    g108/A2                                              +0     368   
    g108/Z             AN2XD1HPBWP        1  6.3   48   +60     428 R 
  PREFIX_lp_operand_isolation_RC_OI_PARTIAL_HIER_INST/PREFIX_lp_operand_isolation_RC_OI_OUT_PORT[8] 
  csa_tree_add_39_13_groupi/in_2[8] 
    cdnfadd_008_0/CI                                     +0     428   
    cdnfadd_008_0/S    FA1D0HPBWP         1  6.4   90  +128     556 R 
    g6732/I                                              +0     556   
    g6732/ZN           INVD1HPBWP         2  9.9   51   +51     607 F 
    g6716/A1                                             +0     607   
    g6716/ZN           ND2D1HPBWP         2 14.2   95   +65     672 R 
    g6715/I                                              +0     672   
    g6715/ZN           INVD1HPBWP         1  5.7   40   +41     714 F 
    g6706/A2                                             +0     714   
    g6706/ZN           NR2D0HPBWP         1  6.4  176  +114     828 R 
    g6773/A2                                             +0     828   
    g6773/Z            XOR2D1HPBWP        1  5.8   49  +121     950 R 
  csa_tree_add_39_13_groupi/out_0[8] 
  g1549/A1                                               +0     950   
  g1549/ZN             IOA22D0HPBWP       1  6.3  194   +97    1046 R 
  temp_reg[8]/D        DFCNQD1HPBWP                      +0    1046   
  temp_reg[8]/CP       setup                        0   +48    1094 R 
- - - - - - - - - - - - - - - - - - - - - - - - - - - - - - - - - - - 
(clock clk)            capture                                 1250 R 
                       uncertainty                     -150    1100 R 
----------------------------------------------------------------------
Timing slack :       6ps 
Start-point  : bagging1/state_reg[1]/CP
End-point    : bagging1/temp_reg[8]/D

path   7:

        Pin               Type       Fanout Load Slew Delay Arrival   
                                            (fF) (ps)  (ps)   (ps)    
----------------------------------------------------------------------
(clock clk)            launch                                     0 R 
bagging1
  state_reg[1]/CP                                   0             0 R 
  state_reg[1]/Q       DFCNQD1HPBWP       3 17.1  109  +150     150 R 
  g1546/B2                                               +0     150   
  g1546/ZN             IIND4D4HPBWP       4 21.2  109  +100     250 F 
  g369/I                                                 +0     250   
  g369/ZN              CKND4HPBWP         1 15.2   46   +41     291 R 
  PREFIX_lp_operand_isolation_RC_OI_PARTIAL_HIER_INST/PREFIX_lp_operand_isolation_RC_OI_CTRL_PORT_1 
    PREFIX_lp_operand_isolation_RC_OI_CTRL_INST/ctl_state_27_6_out_0 
      g64/A1                                             +0     291   
      g64/ZN           ND2D8HPBWP         7 41.9   51   +45     336 F 
    PREFIX_lp_operand_isolation_RC_OI_CTRL_INST/PREFIX_lp_operand_isolation_RC_OI_BUF_in_0_BAR 
    g115/B1                                              +0     336   
    g115/ZN            INR2XD2HPBWP       1  7.7   39   +33     370 R 
  PREFIX_lp_operand_isolation_RC_OI_PARTIAL_HIER_INST/PREFIX_lp_operand_isolation_RC_OI_OUT_PORT[4] 
  csa_tree_add_39_13_groupi/in_2[4] 
    cdnfadd_004_0/CI                                     +0     370   
    cdnfadd_004_0/S    FA1D2HPBWP         2 11.6   48   +96     466 R 
    g6694/A2                                             +0     466   
    g6694/ZN           ND2D1HPBWP         3 13.4  105   +77     543 F 
    g6687/A1                                             +0     543   
    g6687/Z            OA21D2HPBWP        1 10.3   39   +92     635 F 
    g6682/B                                              +0     635   
    g6682/ZN           OAI21D4HPBWP       2 14.5   68   +35     670 R 
    g6679/A1                                             +0     670   
    g6679/ZN           AOI21D4HPBWP       3 17.7   65   +46     716 F 
    g6675/A1                                             +0     716   
    g6675/ZN           OAI21D4HPBWP       2 14.5   73   +55     771 R 
    g6673/A1                                             +0     771   
    g6673/ZN           AOI21D4HPBWP       2 13.7   59   +42     813 F 
    g6671/A1                                             +0     813   
    g6671/ZN           OAI21D4HPBWP       2 13.9   71   +53     866 R 
    g6770/A2                                             +0     866   
    g6770/ZN           XNR2D1HPBWP        1  5.8   50  +105     971 R 
  csa_tree_add_39_13_groupi/out_0[10] 
  g1547/A1                                               +0     971   
  g1547/ZN             IOA22D1HPBWP       1  6.3  113   +82    1053 R 
  temp_reg[10]/D       DFCNQD1HPBWP                      +0    1053   
  temp_reg[10]/CP      setup                        0   +39    1092 R 
- - - - - - - - - - - - - - - - - - - - - - - - - - - - - - - - - - - 
(clock clk)            capture                                 1250 R 
                       uncertainty                     -150    1100 R 
----------------------------------------------------------------------
Timing slack :       8ps 
Start-point  : bagging1/state_reg[1]/CP
End-point    : bagging1/temp_reg[10]/D

path   8:

      Pin             Type        Fanout Load Slew Delay Arrival   
                                         (fF) (ps)  (ps)   (ps)    
-------------------------------------------------------------------
(clock clk)        launch                                      0 R 
bagging3
  temp_reg[1]/CP                                 0             0 R 
  temp_reg[1]/Q    DFCNQD2HPBWP        4 24.1   53  +136     136 F 
  g1497/A1                                            +0     136   
  g1497/ZN         NR2D2HPBWP          2 11.4   84   +61     197 R 
  g1460/A1                                            +0     197   
  g1460/ZN         OAI21D2HPBWP        3 12.8   65   +57     254 F 
  g1516/A1                                            +0     254   
  g1516/ZN         IOA21D2HPBWP        3 14.3   62   +83     336 F 
  g1446/A1                                            +0     336   
  g1446/ZN         AOI21D2HPBWP        2 10.8   97   +66     402 R 
  g1441/A1                                            +0     402   
  g1441/ZN         OAI21D1HPBWP        1  7.6   80   +64     466 F 
  g1436/CI                                            +0     466   
  g1436/CO         FA1D1HPBWP          1  7.6   49   +87     554 F 
  g1433/CI                                            +0     554   
  g1433/CO         FA1D2HPBWP          3 13.8   48   +82     636 F 
  g564/A1                                             +0     636   
  g564/ZN          IOA21D2HPBWP        4 16.4   68   +82     718 F 
  g1428/I                                             +0     718   
  g1428/ZN         CKND1HPBWP          1  6.4   47   +45     762 R 
  g1425/A1                                            +0     762   
  g1425/Z          OA21D1HPBWP         2  9.0   66   +71     834 R 
  g1419/B1                                            +0     834   
  g1419/ZN         MAOI22D0HPBWP       1  6.4  190  +150     984 R 
  g1412/A1                                            +0     984   
  g1412/ZN         MOAI22D1HPBWP       1  6.2   83   +74    1058 F 
  temp_reg[9]/D    DFCNQD1HPBWP                       +0    1058   
  temp_reg[9]/CP   setup                         0   +22    1080 R 
- - - - - - - - - - - - - - - - - - - - - - - - - - - - - - - - - -
(clock clk)        capture                                  1250 R 
                   uncertainty                      -150    1100 R 
-------------------------------------------------------------------
Timing slack :      20ps 
Start-point  : bagging3/temp_reg[1]/CP
End-point    : bagging3/temp_reg[9]/D

path   9:

      Pin             Type        Fanout Load Slew Delay Arrival   
                                         (fF) (ps)  (ps)   (ps)    
-------------------------------------------------------------------
(clock clk)        launch                                      0 R 
bagging2
  temp_reg[1]/CP                                 0             0 R 
  temp_reg[1]/Q    DFCNQD2HPBWP        4 24.1   53  +136     136 F 
  g1497/A1                                            +0     136   
  g1497/ZN         NR2D2HPBWP          2 11.4   84   +61     197 R 
  g1460/A1                                            +0     197   
  g1460/ZN         OAI21D2HPBWP        3 12.8   65   +57     254 F 
  g1516/A1                                            +0     254   
  g1516/ZN         IOA21D2HPBWP        3 14.3   62   +83     336 F 
  g1446/A1                                            +0     336   
  g1446/ZN         AOI21D2HPBWP        2 10.8   97   +66     402 R 
  g1441/A1                                            +0     402   
  g1441/ZN         OAI21D1HPBWP        1  7.6   80   +64     466 F 
  g1436/CI                                            +0     466   
  g1436/CO         FA1D1HPBWP          1  7.6   49   +87     554 F 
  g1433/CI                                            +0     554   
  g1433/CO         FA1D2HPBWP          3 13.8   48   +82     636 F 
  g564/A1                                             +0     636   
  g564/ZN          IOA21D2HPBWP        4 16.4   68   +82     718 F 
  g1428/I                                             +0     718   
  g1428/ZN         CKND1HPBWP          1  6.4   47   +45     762 R 
  g1425/A1                                            +0     762   
  g1425/Z          OA21D1HPBWP         2  9.0   66   +71     834 R 
  g1419/B1                                            +0     834   
  g1419/ZN         MAOI22D0HPBWP       1  6.4  190  +150     984 R 
  g1412/A1                                            +0     984   
  g1412/ZN         MOAI22D1HPBWP       1  6.2   83   +74    1058 F 
  temp_reg[9]/D    DFCNQD1HPBWP                       +0    1058   
  temp_reg[9]/CP   setup                         0   +22    1080 R 
- - - - - - - - - - - - - - - - - - - - - - - - - - - - - - - - - -
(clock clk)        capture                                  1250 R 
                   uncertainty                      -150    1100 R 
-------------------------------------------------------------------
Timing slack :      20ps 
Start-point  : bagging2/temp_reg[1]/CP
End-point    : bagging2/temp_reg[9]/D

path  10:

      Pin             Type        Fanout Load Slew Delay Arrival   
                                         (fF) (ps)  (ps)   (ps)    
-------------------------------------------------------------------
(clock clk)        launch                                      0 R 
bagging1
  temp_reg[0]/CP                                 0             0 R 
  temp_reg[0]/Q    DFCNQD2HPBWP        3 14.8   55  +137     137 R 
  g1512/A1                                            +0     137   
  g1512/Z          AN2XD1HPBWP         2 10.2   69   +75     212 R 
  g1551/A1                                            +0     212   
  g1551/ZN         IOA21D4HPBWP        3 16.6   50   +85     297 R 
  g1457/A1                                            +0     297   
  g1457/ZN         AOI21D4HPBWP        2 14.4   44   +38     334 F 
  g1450/A1                                            +0     334   
  g1450/ZN         OAI21D4HPBWP        3 12.9   69   +48     382 R 
  g1545/A1                                            +0     382   
  g1545/ZN         IOA21D2HPBWP        3 12.9   55   +79     462 R 
  g1544/A1                                            +0     462   
  g1544/ZN         IOA21D2HPBWP        3 14.0   57   +78     539 R 
  g2/A1                                               +0     539   
  g2/ZN            IOA21D2HPBWP        3 12.9   55   +77     616 R 
  g1550/A1                                            +0     616   
  g1550/ZN         IOA21D2HPBWP        4 16.5   75   +82     697 R 
  g1430/I                                             +0     697   
  g1430/ZN         CKND1HPBWP          1  6.3   51   +52     749 F 
  g1427/A1                                            +0     749   
  g1427/Z          OA21D1HPBWP         2  9.0   48   +78     827 F 
  g1420/A1                                            +0     827   
  g1420/ZN         MOAI22D0HPBWP       1  6.3  178  +113     940 R 
  g1548/B1                                            +0     940   
  g1548/Z          AO22D1HPBWP         1  6.3   54  +107    1047 R 
  temp_reg[9]/D    DFCNQD1HPBWP                       +0    1047   
  temp_reg[9]/CP   setup                         0   +31    1079 R 
- - - - - - - - - - - - - - - - - - - - - - - - - - - - - - - - - -
(clock clk)        capture                                  1250 R 
                   uncertainty                      -150    1100 R 
-------------------------------------------------------------------
Timing slack :      21ps 
Start-point  : bagging1/temp_reg[0]/CP
End-point    : bagging1/temp_reg[9]/D
